<?xml version="1.0" encoding="UTF-8"?>
<testng-results ignored="0" total="2" passed="2" failed="0" skipped="0">
  <reporter-output>
  </reporter-output>
  <suite started-at="2022-04-11T16:23:10 IST" name="Suite" finished-at="2022-04-11T16:23:24 IST" duration-ms="14150">
    <groups>
      <group name="cucumber">
        <method signature="AbstractTestNGCucumberTests.runScenario(io.cucumber.testng.PickleWrapper, io.cucumber.testng.FeatureWrapper)[pri:0, instance:StepDefinition.TestRunner@33990a0c]" name="runScenario" class="io.cucumber.testng.AbstractTestNGCucumberTests"/>
      </group> <!-- cucumber -->
    </groups>
    <test started-at="2022-04-11T16:23:10 IST" name="Test" finished-at="2022-04-11T16:23:24 IST" duration-ms="14150">
      <class name="StepDefinition.TestRunner">
        <test-method is-config="true" signature="setUpClass()[pri:0, instance:StepDefinition.TestRunner@33990a0c]" started-at="2022-04-11T16:23:10 IST" name="setUpClass" finished-at="2022-04-11T16:23:10 IST" duration-ms="171" status="PASS">
          <reporter-output>
          </reporter-output>
        </test-method> <!-- setUpClass -->
        <test-method signature="runScenario(io.cucumber.testng.PickleWrapper, io.cucumber.testng.FeatureWrapper)[pri:0, instance:StepDefinition.TestRunner@33990a0c]" started-at="2022-04-11T16:23:10 IST" name="runScenario" description="Runs Cucumber Scenarios" data-provider="scenarios" finished-at="2022-04-11T16:23:15 IST" duration-ms="4690" status="PASS">
          <params>
            <param index="0">
              <value>
                <![CDATA["Verification of the URL"]]>
              </value>
            </param>
            <param index="1">
              <value>
                <![CDATA["feature to test opening the browser functionality"]]>
              </value>
            </param>
          </params>
          <reporter-output>
          </reporter-output>
        </test-method> <!-- runScenario -->
        <test-method signature="runScenario(io.cucumber.testng.PickleWrapper, io.cucumber.testng.FeatureWrapper)[pri:0, instance:StepDefinition.TestRunner@33990a0c]" started-at="2022-04-11T16:23:15 IST" name="runScenario" description="Runs Cucumber Scenarios" data-provider="scenarios" finished-at="2022-04-11T16:23:24 IST" duration-ms="9214" status="PASS">
          <params>
            <param index="0">
              <value>
                <![CDATA["Check search is successful or not"]]>
              </value>
            </param>
            <param index="1">
              <value>
                <![CDATA["feature to test search functionality"]]>
              </value>
            </param>
          </params>
          <reporter-output>
          </reporter-output>
        </test-method> <!-- runScenario -->
        <test-method is-config="true" signature="tearDownClass()[pri:0, instance:StepDefinition.TestRunner@33990a0c]" started-at="2022-04-11T16:23:24 IST" name="tearDownClass" finished-at="2022-04-11T16:23:24 IST" duration-ms="53" status="PASS">
          <reporter-output>
          </reporter-output>
        </test-method> <!-- tearDownClass -->
      </class> <!-- StepDefinition.TestRunner -->
    </test> <!-- Test -->
  </suite> <!-- Suite -->
</testng-results>
